[  0%] Built target visualization_msgs_generate_messages_cpp
[  0%] [  0%] Built target std_msgs_generate_messages_py
Built target nav_msgs_generate_messages_cpp
[  0%] Built target sensor_msgs_generate_messages_cpp
[  0%] Built target tf_generate_messages_py
[  0%] Built target geometry_msgs_generate_messages_cpp
[  0%] Built target nav_msgs_generate_messages_lisp
[  0%] Built target geometry_msgs_generate_messages_lisp
[  0%] Built target actionlib_msgs_generate_messages_lisp
[  0%] Built target geometry_msgs_generate_messages_py
[  0%] Built target std_msgs_generate_messages_cpp
[  0%] Built target rosgraph_msgs_generate_messages_py
[  0%] Built target roscpp_generate_messages_py
[  0%] [  0%] Built target std_msgs_generate_messages_lisp
Built target nav_msgs_generate_messages_py
[  0%] Built target actionlib_msgs_generate_messages_py
[  0%] Built target actionlib_msgs_generate_messages_cpp
[  0%] [  0%] Built target rosgraph_msgs_generate_messages_cpp
Built target sensor_msgs_generate_messages_lisp
[  0%] [  0%] Built target rosgraph_msgs_generate_messages_lisp
Built target tf_generate_messages_cpp
[  0%] [  0%] Built target sensor_msgs_generate_messages_py
Built target tf_generate_messages_lisp
[  0%] [  0%] Built target roscpp_generate_messages_cpp
Built target roscpp_generate_messages_lisp
[  0%] [  0%] Built target visualization_msgs_generate_messages_py
Built target tf2_msgs_generate_messages_cpp
[  0%] Built target actionlib_generate_messages_cpp
[  0%] Built target visualization_msgs_generate_messages_lisp
[  0%] Built target actionlib_generate_messages_lisp
[  0%] Built target actionlib_generate_messages_py
[  0%] [  0%] Built target tf2_msgs_generate_messages_lisp
Built target tf2_msgs_generate_messages_py
[35m[1mScanning dependencies of target test_lanes
[35m[1mScanning dependencies of target maplanes
[35m[1mScanning dependencies of target getpoints
[35m[1mScanning dependencies of target art_map
[0m[0m[0m[  6%] [ 12%] [32mBuilding CXX object CMakeFiles/getpoints.dir/src/getpoints.cc.o
[0m[32mBuilding CXX object CMakeFiles/art_map.dir/src/FilteredPolygon.cc.o
[0m[ 18%] [32mBuilding CXX object CMakeFiles/test_lanes.dir/src/test_lanes.cc.o
[0m[0m[ 25%] [32mBuilding CXX object CMakeFiles/maplanes.dir/src/mapl.cc.o
In file included from /home/amogh/rosws2/src/art_map/include/art_map/PolyOps.h:30:0,
                 from /home/amogh/rosws2/src/art_map/include/art_map/FilteredPolygon.h:11,
                 from /home/amogh/rosws2/src/art_map/src/FilteredPolygon.cc:3:
/home/amogh/rosws2/src/art_map/include/art_map/coordinates.h:31:29: fatal error: art/conversions.h: No such file or directory
 #include <art/conversions.h>
                             ^
compilation terminated.
In file included from /home/amogh/rosws2/src/art_map/src/test_lanes.cc:25:0:
/home/amogh/rosws2/src/art_map/include/art_map/euclidean_distance.h:20:25: fatal error: art/epsilon.h: No such file or directory
 #include <art/epsilon.h>
                         ^
compilation terminated.
make[2]: *** [CMakeFiles/art_map.dir/src/FilteredPolygon.cc.o] Error 1
make[1]: *** [CMakeFiles/art_map.dir/all] Error 2
make[1]: *** Waiting for unfinished jobs....
In file included from /home/amogh/rosws2/src/art_map/include/art_map/Graph.h:26:0,
                 from /home/amogh/rosws2/src/art_map/src/mapl.cc:25:
/home/amogh/rosws2/src/art_map/include/art_map/coordinates.h:31:29: fatal error: art/conversions.h: No such file or directory
 #include <art/conversions.h>
                             ^
compilation terminated.
[0m[31m[1mLinking CXX executable /home/amogh/rosws2/devel/.private/art_map/lib/art_map/getpoints
/usr/bin/ld: cannot find -lartmap
collect2: error: ld returned 1 exit status
make[2]: *** [/home/amogh/rosws2/devel/.private/art_map/lib/art_map/getpoints] Error 1
make[1]: *** [CMakeFiles/getpoints.dir/all] Error 2
make[2]: *** [CMakeFiles/test_lanes.dir/src/test_lanes.cc.o] Error 1
make[1]: *** [CMakeFiles/test_lanes.dir/all] Error 2
make[2]: *** [CMakeFiles/maplanes.dir/src/mapl.cc.o] Error 1
make[1]: *** [CMakeFiles/maplanes.dir/all] Error 2
make: *** [all] Error 2
