[35m[1mScanning dependencies of target geometry_msgs_generate_messages_cpp
[35m[1mScanning dependencies of target roscpp_generate_messages_py
[35m[1mScanning dependencies of target geometry_msgs_generate_messages_lisp
[35m[1mScanning dependencies of target artmap
[0m[0m[0m[  0%] [  0%] [  0%] Built target roscpp_generate_messages_py
Built target geometry_msgs_generate_messages_cpp
Built target geometry_msgs_generate_messages_lisp
[35m[1mScanning dependencies of target nav_msgs_generate_messages_lisp
[0m[0m[  0%] Built target nav_msgs_generate_messages_lisp
[35m[1mScanning dependencies of target rosgraph_msgs_generate_messages_cpp
[0m[35m[1mScanning dependencies of target visualization_msgs_generate_messages_py
[0m[  6%] [  6%] [35m[1mScanning dependencies of target tf_generate_messages_cpp
[0mBuilt target rosgraph_msgs_generate_messages_cpp
[  6%] [ 12%] [32mBuilding CXX object CMakeFiles/artmap.dir/src/FilteredPolygon.cc.o
[0mBuilt target visualization_msgs_generate_messages_py
[32mBuilding CXX object CMakeFiles/artmap.dir/src/DrawLanes.cc.o
[0m[ 12%] Built target tf_generate_messages_cpp
[35m[1mScanning dependencies of target roscpp_generate_messages_cpp
[0m[35m[1mScanning dependencies of target rosgraph_msgs_generate_messages_py
[0m[ 12%] Built target roscpp_generate_messages_cpp
[ 12%] Built target rosgraph_msgs_generate_messages_py
In file included from /home/amogh/rosws2/src/art_map/src/DrawLanes.cc:2:0:
/home/amogh/rosws2/src/art_map/include/art_map/euclidean_distance.h:20:25: fatal error: art/epsilon.h: No such file or directory
 #include <art/epsilon.h>
                         ^
compilation terminated.
[35m[1mScanning dependencies of target actionlib_msgs_generate_messages_lisp
[0m[35m[1mScanning dependencies of target sensor_msgs_generate_messages_lisp
[0m[ 12%] Built target actionlib_msgs_generate_messages_lisp
[ 12%] Built target sensor_msgs_generate_messages_lisp
[35m[1mScanning dependencies of target tf_generate_messages_lisp
[0m[35m[1mScanning dependencies of target std_msgs_generate_messages_cpp
[0m[ 12%] Built target tf_generate_messages_lisp
[ 12%] Built target std_msgs_generate_messages_cpp
[35m[1mScanning dependencies of target std_msgs_generate_messages_py
[0m[35m[1mScanning dependencies of target nav_msgs_generate_messages_py
[0m[ 12%] [ 12%] Built target nav_msgs_generate_messages_py
Built target std_msgs_generate_messages_py
[ 18%] [35m[1mScanning dependencies of target actionlib_generate_messages_lisp
[0m[32mBuilding CXX object CMakeFiles/artmap.dir/src/gaussian.cc.o
[0m[ 18%] Built target actionlib_generate_messages_lisp
[35m[1mScanning dependencies of target actionlib_msgs_generate_messages_py
[0m[ 18%] Built target actionlib_msgs_generate_messages_py
make[2]: *** [CMakeFiles/artmap.dir/src/DrawLanes.cc.o] Error 1
make[2]: *** Waiting for unfinished jobs....
[35m[1mScanning dependencies of target sensor_msgs_generate_messages_py
[0m[ 18%] [35m[1mScanning dependencies of target std_msgs_generate_messages_lisp
[0mBuilt target sensor_msgs_generate_messages_py
[ 18%] Built target std_msgs_generate_messages_lisp
[35m[1mScanning dependencies of target tf_generate_messages_py
[0m[ 18%] [35m[1mScanning dependencies of target actionlib_msgs_generate_messages_cpp
[0m[35m[1mScanning dependencies of target roscpp_generate_messages_lisp
Built target tf_generate_messages_py
[0m[ 18%] [ 18%] [35m[1mScanning dependencies of target sensor_msgs_generate_messages_cpp
Built target actionlib_msgs_generate_messages_cpp
Built target roscpp_generate_messages_lisp
[0m[ 18%] [35m[1mScanning dependencies of target actionlib_generate_messages_cpp
[0mBuilt target sensor_msgs_generate_messages_cpp
[35m[1mScanning dependencies of target rosgraph_msgs_generate_messages_lisp
[0m[ 18%] Built target actionlib_generate_messages_cpp
[35m[1mScanning dependencies of target nav_msgs_generate_messages_cpp
[0m[ 18%] Built target rosgraph_msgs_generate_messages_lisp
[ 18%] Built target nav_msgs_generate_messages_cpp
[35m[1mScanning dependencies of target geometry_msgs_generate_messages_py
[0m[35m[1mScanning dependencies of target actionlib_generate_messages_py
[0m[35m[1mScanning dependencies of target tf2_msgs_generate_messages_cpp
[0m[ 18%] Built target geometry_msgs_generate_messages_py
[ 18%] Built target actionlib_generate_messages_py
[ 18%] [35m[1mScanning dependencies of target visualization_msgs_generate_messages_cpp
[0m[35m[1mScanning dependencies of target tf2_msgs_generate_messages_lisp
Built target tf2_msgs_generate_messages_cpp
[0m[ 18%] Built target visualization_msgs_generate_messages_cpp
[35m[1mScanning dependencies of target tf2_msgs_generate_messages_py
[ 18%] [0mBuilt target tf2_msgs_generate_messages_lisp
[35m[1mScanning dependencies of target visualization_msgs_generate_messages_lisp
[0m[ 18%] Built target tf2_msgs_generate_messages_py
[ 18%] Built target visualization_msgs_generate_messages_lisp
In file included from /home/amogh/rosws2/src/art_map/include/art_map/PolyOps.h:30:0,
                 from /home/amogh/rosws2/src/art_map/include/art_map/FilteredPolygon.h:11,
                 from /home/amogh/rosws2/src/art_map/src/FilteredPolygon.cc:3:
/home/amogh/rosws2/src/art_map/include/art_map/coordinates.h:31:29: fatal error: art/conversions.h: No such file or directory
 #include <art/conversions.h>
                             ^
compilation terminated.
make[2]: *** [CMakeFiles/artmap.dir/src/FilteredPolygon.cc.o] Error 1
make[1]: *** [CMakeFiles/artmap.dir/all] Error 2
make: *** [all] Error 2
